Start testing: Sep 24 11:54 RTZ 2 (����)
----------------------------------------------------------
1/10 Testing: TestArrayCPP
1/10 Test: TestArrayCPP
Command: "C:/Users/Пользователь/Algorithms/build/LibraryCPP/Tests/Debug/TestArrayCPP.exe"
Directory: C:/Users/Пользователь/Algorithms/build/LibraryCPP/Tests
"TestArrayCPP" start time: Sep 24 11:54 RTZ 2 (����)
Output:
----------------------------------------------------------
<end of output>
Test time =   0.10 sec
----------------------------------------------------------
Test Passed.
"TestArrayCPP" end time: Sep 24 11:54 RTZ 2 (����)
"TestArrayCPP" time elapsed: 00:00:00
----------------------------------------------------------

2/10 Testing: TestTask1
2/10 Test: TestTask1
Command: "C:/Users/Пользователь/Algorithms/build/Lab1C/Debug/Lab1Task1.exe" "C:/Users/Пользователь/Algorithms/Lab1C/input.txt"
Directory: C:/Users/Пользователь/Algorithms/build/Lab1C
"TestTask1" start time: Sep 24 11:54 RTZ 2 (����)
Output:
----------------------------------------------------------
0
<end of output>
Test time =   0.03 sec
----------------------------------------------------------
Test Passed.
"TestTask1" end time: Sep 24 11:54 RTZ 2 (����)
"TestTask1" time elapsed: 00:00:00
----------------------------------------------------------

3/10 Testing: TestTask1_Test1
3/10 Test: TestTask1_Test1
Command: "C:/Users/Пользователь/Algorithms/build/Lab1C/Debug/Lab1Task1.exe" "C:/Users/Пользователь/Algorithms/Lab1C/test1.txt"
Directory: C:/Users/Пользователь/Algorithms/build/Lab1C
"TestTask1_Test1" start time: Sep 24 11:54 RTZ 2 (����)
Output:
----------------------------------------------------------
165
<end of output>
Test time =   0.03 sec
----------------------------------------------------------
Test Pass Reason:
Required regular expression found. Regex=[165]
"TestTask1_Test1" end time: Sep 24 11:54 RTZ 2 (����)
"TestTask1_Test1" time elapsed: 00:00:00
----------------------------------------------------------

4/10 Testing: TestTask1_Test2
4/10 Test: TestTask1_Test2
Command: "C:/Users/Пользователь/Algorithms/build/Lab1C/Debug/Lab1Task1.exe" "C:/Users/Пользователь/Algorithms/Lab1C/test2.txt"
Directory: C:/Users/Пользователь/Algorithms/build/Lab1C
"TestTask1_Test2" start time: Sep 24 11:54 RTZ 2 (����)
Output:
----------------------------------------------------------
76
<end of output>
Test time =   0.03 sec
----------------------------------------------------------
Test Pass Reason:
Required regular expression found. Regex=[76]
"TestTask1_Test2" end time: Sep 24 11:54 RTZ 2 (����)
"TestTask1_Test2" time elapsed: 00:00:00
----------------------------------------------------------

5/10 Testing: TestTask1_Test6
5/10 Test: TestTask1_Test6
Command: "C:/Users/Пользователь/Algorithms/build/Lab1C/Debug/Lab1Task1.exe" "C:/Users/Пользователь/Algorithms/Lab1C/test6.txt"
Directory: C:/Users/Пользователь/Algorithms/build/Lab1C
"TestTask1_Test6" start time: Sep 24 11:54 RTZ 2 (����)
Output:
----------------------------------------------------------
20 31 37
<end of output>
Test time =   0.03 sec
----------------------------------------------------------
Test Pass Reason:
Required regular expression found. Regex=[37]
"TestTask1_Test6" end time: Sep 24 11:54 RTZ 2 (����)
"TestTask1_Test6" time elapsed: 00:00:00
----------------------------------------------------------

6/10 Testing: TestTask2
6/10 Test: TestTask2
Command: "C:/Users/Пользователь/Algorithms/build/Lab1C/Debug/Lab1Task2.exe" "C:/Users/Пользователь/Algorithms/Lab1C/input.txt"
Directory: C:/Users/Пользователь/Algorithms/build/Lab1C
"TestTask2" start time: Sep 24 11:54 RTZ 2 (����)
Output:
----------------------------------------------------------
-1
<end of output>
Test time =   0.03 sec
----------------------------------------------------------
Test Passed.
"TestTask2" end time: Sep 24 11:54 RTZ 2 (����)
"TestTask2" time elapsed: 00:00:00
----------------------------------------------------------

7/10 Testing: TestTask2_Test3
7/10 Test: TestTask2_Test3
Command: "C:/Users/Пользователь/Algorithms/build/Lab1C/Debug/Lab1Task2.exe" "C:/Users/Пользователь/Algorithms/Lab1C/test3.txt"
Directory: C:/Users/Пользователь/Algorithms/build/Lab1C
"TestTask2_Test3" start time: Sep 24 11:54 RTZ 2 (����)
Output:
----------------------------------------------------------
4
<end of output>
Test time =   0.03 sec
----------------------------------------------------------
Test Pass Reason:
Required regular expression found. Regex=[4]
"TestTask2_Test3" end time: Sep 24 11:54 RTZ 2 (����)
"TestTask2_Test3" time elapsed: 00:00:00
----------------------------------------------------------

8/10 Testing: TestTask2_Test4
8/10 Test: TestTask2_Test4
Command: "C:/Users/Пользователь/Algorithms/build/Lab1C/Debug/Lab1Task2.exe" "C:/Users/Пользователь/Algorithms/Lab1C/test4.txt"
Directory: C:/Users/Пользователь/Algorithms/build/Lab1C
"TestTask2_Test4" start time: Sep 24 11:54 RTZ 2 (����)
Output:
----------------------------------------------------------
2
<end of output>
Test time =   0.03 sec
----------------------------------------------------------
Test Pass Reason:
Required regular expression found. Regex=[2]
"TestTask2_Test4" end time: Sep 24 11:54 RTZ 2 (����)
"TestTask2_Test4" time elapsed: 00:00:00
----------------------------------------------------------

9/10 Testing: TestTask2_Test5
9/10 Test: TestTask2_Test5
Command: "C:/Users/Пользователь/Algorithms/build/Lab1C/Debug/Lab1Task2.exe" "C:/Users/Пользователь/Algorithms/Lab1C/test5.txt"
Directory: C:/Users/Пользователь/Algorithms/build/Lab1C
"TestTask2_Test5" start time: Sep 24 11:54 RTZ 2 (����)
Output:
----------------------------------------------------------
2
<end of output>
Test time =   0.03 sec
----------------------------------------------------------
Test Pass Reason:
Required regular expression found. Regex=[2]
"TestTask2_Test5" end time: Sep 24 11:54 RTZ 2 (����)
"TestTask2_Test5" time elapsed: 00:00:00
----------------------------------------------------------

10/10 Testing: TestTask2_Test6
10/10 Test: TestTask2_Test6
Command: "C:/Users/Пользователь/Algorithms/build/Lab1C/Debug/Lab1Task2.exe" "C:/Users/Пользователь/Algorithms/Lab1C/test6.txt"
Directory: C:/Users/Пользователь/Algorithms/build/Lab1C
"TestTask2_Test6" start time: Sep 24 11:54 RTZ 2 (����)
Output:
----------------------------------------------------------
2
<end of output>
Test time =   0.03 sec
----------------------------------------------------------
Test Pass Reason:
Required regular expression found. Regex=[2]
"TestTask2_Test6" end time: Sep 24 11:54 RTZ 2 (����)
"TestTask2_Test6" time elapsed: 00:00:00
----------------------------------------------------------

End testing: Sep 24 11:54 RTZ 2 (����)
