Start testing: Sep 08 17:05 MSK
----------------------------------------------------------
1/1 Testing: Lab_number_1
1/1 Test: Lab_number_1
Command: "/home/g0d/Algorithms/Lab_number_1/build/program" "input_1.txt" "input_2.txt" "input_3.txt"
Directory: /home/g0d/Algorithms/Lab_number_1/build
"Lab_number_1" start time: Sep 08 17:05 MSK
Output:
----------------------------------------------------------

test number 2
a[1] = 8
a[2] = 8
a[3] = 7
a[4] = 6
a[6] = 6
Полный массив выглядит так: a[0] = 2	 a[1] = 8	 a[2] = 8	 a[3] = 7	 a[4] = 6	 a[5] = 2	 a[6] = 6	 a[7] = 4	 a[8] = 4	 a[9] = 1	
max_element = 8  and min_element = 1
число таких элементов: 5

test number 3
2
8
8
7
6
2
6
4
4
1
5

Полный массив :2 8 8 7 6 2 6 4 4 1 5 
Максимальная сумма пяти соседних элементов: 31

test number 1

размер массива - 10

a[0] = 1
a[1] = 2
a[2] = 3
a[3] = 4
a[4] = 5
a[5] = 6
a[6] = 7
a[7] = 8
a[8] = 9
a[9] = 10
<end of output>
Test time =   0.00 sec
----------------------------------------------------------
Test Passed.
"Lab_number_1" end time: Sep 08 17:05 MSK
"Lab_number_1" time elapsed: 00:00:00
----------------------------------------------------------

End testing: Sep 08 17:05 MSK
