Start testing: Sep 26 22:49 RTZ 2 (çèìà)
----------------------------------------------------------
1/1 Testing: TestLab1CPPClass
1/1 Test: TestLab1CPPClass
Command: "C:/Users/admin/Algorithms/StepanovLab1/Lab1CPPClass/build/Release/lab1cppclass.exe" "C:/Users/admin/Algorithms/StepanovLab1/Lab1CPPClass/input.txt"
Directory: C:/Users/admin/Algorithms/StepanovLab1/Lab1CPPClass/build
"TestLab1CPPClass" start time: Sep 26 22:49 RTZ 2 (çèìà)
Output:
----------------------------------------------------------
12 4
<end of output>
Test time =   0.03 sec
----------------------------------------------------------
Test Pass Reason:
Required regular expression found. Regex=[12 4]
"TestLab1CPPClass" end time: Sep 26 22:49 RTZ 2 (çèìà)
"TestLab1CPPClass" time elapsed: 00:00:00
----------------------------------------------------------

End testing: Sep 26 22:49 RTZ 2 (çèìà)
