Start testing: Nov 15 23:08 RTZ 2 (зима)
----------------------------------------------------------
1/2 Testing: TestArrayCPP
1/2 Test: TestArrayCPP
Command: "D:/Dz/Algorithms/Algorithms/out/build/x64-Debug/LibraryCPP/Tests/TestArrayCPP.exe"
Directory: D:/Dz/Algorithms/Algorithms/out/build/x64-Debug/LibraryCPP/Tests
"TestArrayCPP" start time: Nov 15 23:08 RTZ 2 (зима)
Output:
----------------------------------------------------------
<end of output>
Test time =   0.20 sec
----------------------------------------------------------
Test Passed.
"TestArrayCPP" end time: Nov 15 23:08 RTZ 2 (зима)
"TestArrayCPP" time elapsed: 00:00:00
----------------------------------------------------------

2/2 Testing: TestLab1CPP
2/2 Test: TestLab1CPP
Command: "D:/Dz/Algorithms/Algorithms/out/build/x64-Debug/Lab1CPP/Lab1CPP.exe" "D:/Dz/Algorithms/Algorithms/Lab1CPP/input.txt"
Directory: D:/Dz/Algorithms/Algorithms/out/build/x64-Debug/Lab1CPP
"TestLab1CPP" start time: Nov 15 23:08 RTZ 2 (зима)
Output:
----------------------------------------------------------
Ответ 1: 57
Ответ 2: 0
Ответ 1: -8
Ответ 2: 0
<end of output>
Test time =   0.04 sec
----------------------------------------------------------
Test Passed.
"TestLab1CPP" end time: Nov 15 23:08 RTZ 2 (зима)
"TestLab1CPP" time elapsed: 00:00:00
----------------------------------------------------------

End testing: Nov 15 23:08 RTZ 2 (зима)
