Start testing: Sep 24 23:36 RTZ 2 (çèìà)
----------------------------------------------------------
1/9 Testing: TestArrayCPPClass
1/9 Test: TestArrayCPPClass
Command: "C:/Users/Asus/source/repos/Algorithms/out/build/x64-Debug/LibraryCPPClass/Tests/TestArrayCPPClass.exe"
Directory: C:/Users/Asus/source/repos/Algorithms/out/build/x64-Debug/LibraryCPPClass/Tests
"TestArrayCPPClass" start time: Sep 24 23:36 RTZ 2 (çèìà)
Output:
----------------------------------------------------------
<end of output>
Test time =   0.01 sec
----------------------------------------------------------
Test Passed.
"TestArrayCPPClass" end time: Sep 24 23:36 RTZ 2 (çèìà)
"TestArrayCPPClass" time elapsed: 00:00:00
----------------------------------------------------------

2/9 Testing: Statistics1
2/9 Test: Statistics1
Command: "C:/Users/Asus/source/repos/Algorithms/out/build/x64-Debug/LabArrayStatistics/LabArrayStatistics.exe" "C:/Users/Asus/source/repos/Algorithms/LabArrayStatistics/input1.txt"
Directory: C:/Users/Asus/source/repos/Algorithms/out/build/x64-Debug/LabArrayStatistics
"Statistics1" start time: Sep 24 23:36 RTZ 2 (çèìà)
Output:
----------------------------------------------------------
Positive: 4
Negative: 3
Zero: 3
<end of output>
Test time =   0.01 sec
----------------------------------------------------------
Test Pass Reason:
Required regular expression found. Regex=[Positive: 4[
]+Negative: 3[
]+Zero: 3]
"Statistics1" end time: Sep 24 23:36 RTZ 2 (çèìà)
"Statistics1" time elapsed: 00:00:00
----------------------------------------------------------

3/9 Testing: Statistics2
3/9 Test: Statistics2
Command: "C:/Users/Asus/source/repos/Algorithms/out/build/x64-Debug/LabArrayStatistics/LabArrayStatistics.exe" "C:/Users/Asus/source/repos/Algorithms/LabArrayStatistics/input2.txt"
Directory: C:/Users/Asus/source/repos/Algorithms/out/build/x64-Debug/LabArrayStatistics
"Statistics2" start time: Sep 24 23:36 RTZ 2 (çèìà)
Output:
----------------------------------------------------------
Positive: 5
Negative: 0
Zero: 0
<end of output>
Test time =   0.01 sec
----------------------------------------------------------
Test Pass Reason:
Required regular expression found. Regex=[Positive: 5[
]+Negative: 0[
]+Zero: 0]
"Statistics2" end time: Sep 24 23:36 RTZ 2 (çèìà)
"Statistics2" time elapsed: 00:00:00
----------------------------------------------------------

4/9 Testing: Statistics3
4/9 Test: Statistics3
Command: "C:/Users/Asus/source/repos/Algorithms/out/build/x64-Debug/LabArrayStatistics/LabArrayStatistics.exe" "C:/Users/Asus/source/repos/Algorithms/LabArrayStatistics/input3.txt"
Directory: C:/Users/Asus/source/repos/Algorithms/out/build/x64-Debug/LabArrayStatistics
"Statistics3" start time: Sep 24 23:36 RTZ 2 (çèìà)
Output:
----------------------------------------------------------
Positive: 0
Negative: 5
Zero: 0
<end of output>
Test time =   0.01 sec
----------------------------------------------------------
Test Pass Reason:
Required regular expression found. Regex=[Positive: 0[
]+Negative: 5[
]+Zero: 0]
"Statistics3" end time: Sep 24 23:36 RTZ 2 (çèìà)
"Statistics3" time elapsed: 00:00:00
----------------------------------------------------------

5/9 Testing: Statistics4
5/9 Test: Statistics4
Command: "C:/Users/Asus/source/repos/Algorithms/out/build/x64-Debug/LabArrayStatistics/LabArrayStatistics.exe" "C:/Users/Asus/source/repos/Algorithms/LabArrayStatistics/input4.txt"
Directory: C:/Users/Asus/source/repos/Algorithms/out/build/x64-Debug/LabArrayStatistics
"Statistics4" start time: Sep 24 23:36 RTZ 2 (çèìà)
Output:
----------------------------------------------------------
Positive: 0
Negative: 0
Zero: 5
<end of output>
Test time =   0.01 sec
----------------------------------------------------------
Test Pass Reason:
Required regular expression found. Regex=[Positive: 0[
]+Negative: 0[
]+Zero: 5]
"Statistics4" end time: Sep 24 23:36 RTZ 2 (çèìà)
"Statistics4" time elapsed: 00:00:00
----------------------------------------------------------

6/9 Testing: RLE1
6/9 Test: RLE1
Command: "C:/Users/Asus/source/repos/Algorithms/out/build/x64-Debug/LabArrayRLE/LabArrayRLE.exe" "C:/Users/Asus/source/repos/Algorithms/LabArrayRLE/input1.txt"
Directory: C:/Users/Asus/source/repos/Algorithms/out/build/x64-Debug/LabArrayRLE
"RLE1" start time: Sep 24 23:36 RTZ 2 (çèìà)
Output:
----------------------------------------------------------
1 4 2 2 3 3 5 1
<end of output>
Test time =   0.01 sec
----------------------------------------------------------
Test Pass Reason:
Required regular expression found. Regex=[1 4 2 2 3 3 5 1]
"RLE1" end time: Sep 24 23:36 RTZ 2 (çèìà)
"RLE1" time elapsed: 00:00:00
----------------------------------------------------------

7/9 Testing: RLE2
7/9 Test: RLE2
Command: "C:/Users/Asus/source/repos/Algorithms/out/build/x64-Debug/LabArrayRLE/LabArrayRLE.exe" "C:/Users/Asus/source/repos/Algorithms/LabArrayRLE/input2.txt"
Directory: C:/Users/Asus/source/repos/Algorithms/out/build/x64-Debug/LabArrayRLE
"RLE2" start time: Sep 24 23:36 RTZ 2 (çèìà)
Output:
----------------------------------------------------------
1 1 2 1 3 1 4 1 5 1
<end of output>
Test time =   0.01 sec
----------------------------------------------------------
Test Pass Reason:
Required regular expression found. Regex=[1 1 2 1 3 1 4 1 5 1]
"RLE2" end time: Sep 24 23:36 RTZ 2 (çèìà)
"RLE2" time elapsed: 00:00:00
----------------------------------------------------------

8/9 Testing: RLE3
8/9 Test: RLE3
Command: "C:/Users/Asus/source/repos/Algorithms/out/build/x64-Debug/LabArrayRLE/LabArrayRLE.exe" "C:/Users/Asus/source/repos/Algorithms/LabArrayRLE/input3.txt"
Directory: C:/Users/Asus/source/repos/Algorithms/out/build/x64-Debug/LabArrayRLE
"RLE3" start time: Sep 24 23:36 RTZ 2 (çèìà)
Output:
----------------------------------------------------------
7 8
<end of output>
Test time =   0.01 sec
----------------------------------------------------------
Test Pass Reason:
Required regular expression found. Regex=[7 8]
"RLE3" end time: Sep 24 23:36 RTZ 2 (çèìà)
"RLE3" time elapsed: 00:00:00
----------------------------------------------------------

9/9 Testing: RLE4
9/9 Test: RLE4
Command: "C:/Users/Asus/source/repos/Algorithms/out/build/x64-Debug/LabArrayRLE/LabArrayRLE.exe" "C:/Users/Asus/source/repos/Algorithms/LabArrayRLE/input4.txt"
Directory: C:/Users/Asus/source/repos/Algorithms/out/build/x64-Debug/LabArrayRLE
"RLE4" start time: Sep 24 23:36 RTZ 2 (çèìà)
Output:
----------------------------------------------------------
0 2 -1 3 5 2 0 3
<end of output>
Test time =   0.01 sec
----------------------------------------------------------
Test Pass Reason:
Required regular expression found. Regex=[0 2 -1 3 5 2 0 3]
"RLE4" end time: Sep 24 23:36 RTZ 2 (çèìà)
"RLE4" time elapsed: 00:00:00
----------------------------------------------------------

End testing: Sep 24 23:36 RTZ 2 (çèìà)
