Start testing: Sep 05 22:36 MSK
----------------------------------------------------------
Unable to find executable: TestArrayCPP
1/2 Testing: TestArrayCPP
1/2 Test: TestArrayCPP
Command: ""
Directory: /home/vladlevin790/labs/natasha/Algorithms/LibraryCPP/Tests
"TestArrayCPP" start time: 
Output:
----------------------------------------------------------
<end of output>
Test time =   0.00 sec
----------------------------------------------------------
Test Passed.
"TestArrayCPP" end time: Sep 05 22:36 MSK
"TestArrayCPP" time elapsed: 00:00:00
----------------------------------------------------------

2/2 Testing: TestLab1CPP
2/2 Test: TestLab1CPP
Command: "/home/vladlevin790/labs/natasha/Algorithms/Lab1CPP/Lab1CPP" "/home/vladlevin790/labs/natasha/Algorithms/Lab1CPP/input.txt"
Directory: /home/vladlevin790/labs/natasha/Algorithms/Lab1CPP
"TestLab1CPP" start time: Sep 05 22:36 MSK
Output:
----------------------------------------------------------
0x602000000010
5
<end of output>
Test time =   0.01 sec
----------------------------------------------------------
Test Fail Reason:
Required regular expression not found. Regex=[1 2 3 4 5
]
"TestLab1CPP" end time: Sep 05 22:36 MSK
"TestLab1CPP" time elapsed: 00:00:00
----------------------------------------------------------

End testing: Sep 05 22:36 MSK
