Start testing: Sep 14 18:07 RTZ 2 (����)
----------------------------------------------------------
1/4 Testing: Task1_Test1
1/4 Test: Task1_Test1
Command: "C:/Users/Пользователь/Algorithms/Lab1C/build/Debug/task1.exe" "C:/Users/Пользователь/Algorithms/Lab1C/build/input1_1.txt"
Directory: C:/Users/Пользователь/Algorithms/Lab1C/build
"Task1_Test1" start time: Sep 14 18:07 RTZ 2 (����)
Output:
----------------------------------------------------------
1 3 4
<end of output>
Test time =   0.05 sec
----------------------------------------------------------
Test Pass Reason:
Required regular expression found. Regex=[1 3 4]
"Task1_Test1" end time: Sep 14 18:07 RTZ 2 (����)
"Task1_Test1" time elapsed: 00:00:00
----------------------------------------------------------

2/4 Testing: Task1_Test2
2/4 Test: Task1_Test2
Command: "C:/Users/Пользователь/Algorithms/Lab1C/build/Debug/task1.exe" "C:/Users/Пользователь/Algorithms/Lab1C/build/input1_2.txt"
Directory: C:/Users/Пользователь/Algorithms/Lab1C/build
"Task1_Test2" start time: Sep 14 18:07 RTZ 2 (����)
Output:
----------------------------------------------------------
2
<end of output>
Test time =   0.01 sec
----------------------------------------------------------
Test Pass Reason:
Required regular expression found. Regex=[2]
"Task1_Test2" end time: Sep 14 18:07 RTZ 2 (����)
"Task1_Test2" time elapsed: 00:00:00
----------------------------------------------------------

3/4 Testing: Task2_Test1
3/4 Test: Task2_Test1
Command: "C:/Users/Пользователь/Algorithms/Lab1C/build/Debug/task2.exe" "C:/Users/Пользователь/Algorithms/Lab1C/build/input2_1.txt"
Directory: C:/Users/Пользователь/Algorithms/Lab1C/build
"Task2_Test1" start time: Sep 14 18:07 RTZ 2 (����)
Output:
----------------------------------------------------------
2
<end of output>
Test time =   0.04 sec
----------------------------------------------------------
Test Pass Reason:
Required regular expression found. Regex=[2]
"Task2_Test1" end time: Sep 14 18:07 RTZ 2 (����)
"Task2_Test1" time elapsed: 00:00:00
----------------------------------------------------------

4/4 Testing: Task2_Test2
4/4 Test: Task2_Test2
Command: "C:/Users/Пользователь/Algorithms/Lab1C/build/Debug/task2.exe" "C:/Users/Пользователь/Algorithms/Lab1C/build/input2_2.txt"
Directory: C:/Users/Пользователь/Algorithms/Lab1C/build
"Task2_Test2" start time: Sep 14 18:07 RTZ 2 (����)
Output:
----------------------------------------------------------
10
<end of output>
Test time =   0.01 sec
----------------------------------------------------------
Test Pass Reason:
Required regular expression found. Regex=[10]
"Task2_Test2" end time: Sep 14 18:07 RTZ 2 (����)
"Task2_Test2" time elapsed: 00:00:00
----------------------------------------------------------

End testing: Sep 14 18:07 RTZ 2 (����)
