Start testing: Oct 11 01:05 MSK
----------------------------------------------------------
1/2 Testing: TestTask1
1/2 Test: TestTask1
Command: "/Users/mukhammadzakhidnematzhanov/Documents/Algorithms/Lab1C/build/TestTask1"
Directory: /Users/mukhammadzakhidnematzhanov/Documents/Algorithms/Lab1C/build
"TestTask1" start time: Oct 11 01:05 MSK
Output:
----------------------------------------------------------
Тест task1 прошёл успешно. Результат: 3
<end of output>
Test time =   0.51 sec
----------------------------------------------------------
Test Passed.
"TestTask1" end time: Oct 11 01:05 MSK
"TestTask1" time elapsed: 00:00:00
----------------------------------------------------------

2/2 Testing: TestTask2
2/2 Test: TestTask2
Command: "/Users/mukhammadzakhidnematzhanov/Documents/Algorithms/Lab1C/build/TestTask2"
Directory: /Users/mukhammadzakhidnematzhanov/Documents/Algorithms/Lab1C/build
"TestTask2" start time: Oct 11 01:05 MSK
Output:
----------------------------------------------------------
Тест task2 прошёл успешно.
<end of output>
Test time =   0.32 sec
----------------------------------------------------------
Test Passed.
"TestTask2" end time: Oct 11 01:05 MSK
"TestTask2" time elapsed: 00:00:00
----------------------------------------------------------

End testing: Oct 11 01:05 MSK
