Start testing: Sep 25 20:15 RTZ 2 (����)
----------------------------------------------------------
1/2 Testing: Test1
1/2 Test: Test1
Command: "C:/practiks/practik1/build/array_program.exe"
Directory: C:/practiks/practik1/test1
"Test1" start time: Sep 25 20:15 RTZ 2 (����)
Output:
----------------------------------------------------------
Программа обработки фиксированных массивов
---------------------------------------------------
Задание 4: Подсчет элементов, чье абсолютное значение больше максимального.
Размер массива: 7
Массив (7 элементов): 3 -8 5 12 -4 7 -9 
Результат: 0 элементы имеют абсолютное значение больше максимального

Задание 5: Нахождение пяти последовательных элементов с максимальной суммой.
Размер массива: 8
Массив (8 элементов): 1 2 3 4 5 6 7 8 
Пять последовательных элементов с максимальной суммой: 4 5 6 7 8 (Сумма = 30)
<end of output>
Test time =   0.02 sec
----------------------------------------------------------
Test Passed.
"Test1" end time: Sep 25 20:15 RTZ 2 (����)
"Test1" time elapsed: 00:00:00
----------------------------------------------------------

2/2 Testing: Test2
2/2 Test: Test2
Command: "C:/practiks/practik1/build/array_program.exe"
Directory: C:/practiks/practik1/test2
"Test2" start time: Sep 25 20:15 RTZ 2 (����)
Output:
----------------------------------------------------------
Программа обработки фиксированных массивов
---------------------------------------------------
Задание 4: Подсчет элементов, чье абсолютное значение больше максимального.
Размер массива: 6
Массив (6 элементов): 1 -5 10 -8 3 4 
Результат: 0 элементы имеют абсолютное значение больше максимального

Задание 5: Нахождение пяти последовательных элементов с максимальной суммой.
Размер массива: 10
Массив (10 элементов): 1 2 3 4 5 6 7 8 9 10 
Пять последовательных элементов с максимальной суммой: 6 7 8 9 10 (Сумма = 40)
<end of output>
Test time =   0.00 sec
----------------------------------------------------------
Test Passed.
"Test2" end time: Sep 25 20:15 RTZ 2 (����)
"Test2" time elapsed: 00:00:00
----------------------------------------------------------

End testing: Sep 25 20:15 RTZ 2 (����)
