Start testing: Nov 06 19:29 MSK
----------------------------------------------------------
1/2 Testing: TestArrayCPP
1/2 Test: TestArrayCPP
Command: "/Users/alemats/Documents/GitHub/Algorithms/cmake-build-debug/LibraryCPP/Tests/TestArrayCPP"
Directory: /Users/alemats/Documents/GitHub/Algorithms/cmake-build-debug/LibraryCPP/Tests
"TestArrayCPP" start time: Nov 06 19:29 MSK
Output:
----------------------------------------------------------
<end of output>
Test time =   0.28 sec
----------------------------------------------------------
Test Passed.
"TestArrayCPP" end time: Nov 06 19:29 MSK
"TestArrayCPP" time elapsed: 00:00:00
----------------------------------------------------------

2/2 Testing: TestLab1C
2/2 Test: TestLab1C
Command: "/Users/alemats/Documents/GitHub/Algorithms/cmake-build-debug/Lab1CPP/Lab1CPP" "/Users/alemats/Documents/GitHub/Algorithms/Lab1CPP/input_1.txt"
Directory: /Users/alemats/Documents/GitHub/Algorithms/cmake-build-debug/Lab1CPP
"TestLab1C" start time: Nov 06 19:29 MSK
Output:
----------------------------------------------------------
Quest one: 9
Test one completed
Quest two: 35
Test two completed
<end of output>
Test time =   0.16 sec
----------------------------------------------------------
Test Passed.
"TestLab1C" end time: Nov 06 19:29 MSK
"TestLab1C" time elapsed: 00:00:00
----------------------------------------------------------

End testing: Nov 06 19:29 MSK
