Start testing: Sep 21 15:01 RTZ 2 (ηθμΰ)
----------------------------------------------------------
Unable to find executable: C:/Users/IgorE/OneDrive/Desktop/Π£Ρ‡ΠµΠ±Π°/Π΅Π”ΠΠ/Algorithms/Lab1CPP/Lab1CPP.exe
1/1 Testing: TestLab1CPP
1/1 Test: TestLab1CPP
Command: "" "C:/Users/IgorE/OneDrive/Desktop/Π£Ρ‡ΠµΠ±Π°/Π΅Π”ΠΠ/Algorithms/Lab1CPP/input.txt"
Directory: C:/Users/IgorE/OneDrive/desktop/UCHEBA/SDIA/Algorithms/Lab1CPP
"TestLab1CPP" start time: 
Output:
----------------------------------------------------------
<end of output>
Test time =   0.00 sec
----------------------------------------------------------
Test Pass Reason:
Required regular expression not found. Regex=[1 2 3 4 5
]
"TestLab1CPP" end time: Sep 21 15:01 RTZ 2 (ηθμΰ)
"TestLab1CPP" time elapsed: 00:00:00
----------------------------------------------------------

End testing: Sep 21 15:01 RTZ 2 (ηθμΰ)
