Start testing: Nov 13 00:10 Russia TZ 2 Standard Time
----------------------------------------------------------
Unable to find executable: TestArrayC
1/2 Testing: TestArrayC
1/2 Test: TestArrayC
Command: ""
Directory: C:/Users/badvo/OneDrive/Документы/GitHub/Algorithms/Lab1Cpp/LibraryC/Tests
"TestArrayC" start time: 
Output:
----------------------------------------------------------
<end of output>
Test time =   0.00 sec
----------------------------------------------------------
Test Passed.
"TestArrayC" end time: Nov 13 00:10 Russia TZ 2 Standard Time
"TestArrayC" time elapsed: 00:00:00
----------------------------------------------------------

Test not available without configuration.  (Missing "-C <config>"?)
2/2 Testing: TestLab1C
2/2 Test: TestLab1C
Command: "NOT_AVAILABLE"
Directory: C:/Users/badvo/OneDrive/Документы/GitHub/Algorithms/Lab1Cpp/Lab1C
"TestLab1C" start time: 
Output:
----------------------------------------------------------
<end of output>
Test time =   0.00 sec
----------------------------------------------------------
Test Passed.
"TestLab1C" end time: Nov 13 00:10 Russia TZ 2 Standard Time
"TestLab1C" time elapsed: 00:00:00
----------------------------------------------------------

End testing: Nov 13 00:10 Russia TZ 2 Standard Time
