Start testing: Nov 09 17:53 MSK
----------------------------------------------------------
1/3 Testing: TestListC
1/3 Test: TestListC
Command: "/home/g0d/Algorithms/bu/LibraryC/Tests/TestListC"
Directory: /home/g0d/Algorithms/bu/LibraryC/Tests
"TestListC" start time: Nov 09 17:53 MSK
Output:
----------------------------------------------------------
List_elements:B A 
 
List_operation2 1 
 
<end of output>
Test time =   0.00 sec
----------------------------------------------------------
Test Passed.
"TestListC" end time: Nov 09 17:53 MSK
"TestListC" time elapsed: 00:00:00
----------------------------------------------------------

2/3 Testing: TestStackC
2/3 Test: TestStackC
Command: "/home/g0d/Algorithms/bu/LibraryC/Tests/TestStackC"
Directory: /home/g0d/Algorithms/bu/LibraryC/Tests
"TestStackC" start time: Nov 09 17:53 MSK
Output:
----------------------------------------------------------
Stack elements: C B A 
Stack operations: * - + 
<end of output>
Test time =   0.00 sec
----------------------------------------------------------
Test Passed.
"TestStackC" end time: Nov 09 17:53 MSK
"TestStackC" time elapsed: 00:00:00
----------------------------------------------------------

3/3 Testing: TestLab2C
3/3 Test: TestLab2C
Command: "/home/g0d/Algorithms/bu/Lab2C/Lab2C" "/home/g0d/Algorithms/Lab2C/input.txt"
Directory: /home/g0d/Algorithms/bu/Lab2C
"TestLab2C" start time: Nov 09 17:53 MSK
Output:
----------------------------------------------------------
Обратная польская запись: 
AB*C*D*

<end of output>
Test time =   0.00 sec
----------------------------------------------------------
Test Passed.
"TestLab2C" end time: Nov 09 17:53 MSK
"TestLab2C" time elapsed: 00:00:00
----------------------------------------------------------

End testing: Nov 09 17:53 MSK
